Watching for file changes with StatReloader
C:\Users\SICKBOY\ceejay\alx-backend-pro\alx_travel_app_0x03\alx_travel_app\settings.py changed, reloading.
Watching for file changes with StatReloader
C:\Users\SICKBOY\ceejay\alx-backend-pro\alx_travel_app_0x03\alx_travel_app\settings.py changed, reloading.
Watching for file changes with StatReloader
C:\Users\SICKBOY\ceejay\alx-backend-pro\alx_travel_app_0x03\alx_travel_app\listings\apps.py changed, reloading.
Watching for file changes with StatReloader
Watching for file changes with StatReloader
C:\Users\SICKBOY\ceejay\alx-backend-pro\alx_travel_app_0x03\alx_travel_app\listings\models.py changed, reloading.
Watching for file changes with StatReloader
C:\Users\SICKBOY\ceejay\alx-backend-pro\alx_travel_app_0x03\alx_travel_app\listings\models.py changed, reloading.
Watching for file changes with StatReloader
C:\Users\SICKBOY\ceejay\alx-backend-pro\alx_travel_app_0x03\alx_travel_app\listings\models.py changed, reloading.
Watching for file changes with StatReloader
C:\Users\SICKBOY\ceejay\alx-backend-pro\alx_travel_app_0x03\alx_travel_app\listings\models.py changed, reloading.
Watching for file changes with StatReloader
C:\Users\SICKBOY\ceejay\alx-backend-pro\alx_travel_app_0x03\alx_travel_app\listings\models.py changed, reloading.
Watching for file changes with StatReloader
Watching for file changes with StatReloader
C:\Users\SICKBOY\ceejay\alx-backend-pro\alx_travel_app_0x03\alx_travel_app\listings\models.py changed, reloading.
Watching for file changes with StatReloader
C:\Users\SICKBOY\ceejay\alx-backend-pro\alx_travel_app_0x03\alx_travel_app\listings\models.py changed, reloading.
Watching for file changes with StatReloader
C:\Users\SICKBOY\ceejay\alx-backend-pro\alx_travel_app_0x03\alx_travel_app\listings\models.py changed, reloading.
Watching for file changes with StatReloader
C:\Users\SICKBOY\ceejay\alx-backend-pro\alx_travel_app_0x03\alx_travel_app\listings\models.py changed, reloading.
Watching for file changes with StatReloader
C:\Users\SICKBOY\ceejay\alx-backend-pro\alx_travel_app_0x03\alx_travel_app\listings\models.py changed, reloading.
Watching for file changes with StatReloader
C:\Users\SICKBOY\ceejay\alx-backend-pro\alx_travel_app_0x03\alx_travel_app\listings\models.py changed, reloading.
Watching for file changes with StatReloader
C:\Users\SICKBOY\ceejay\alx-backend-pro\alx_travel_app_0x03\alx_travel_app\listings\models.py changed, reloading.
Watching for file changes with StatReloader
C:\Users\SICKBOY\ceejay\alx-backend-pro\alx_travel_app_0x03\alx_travel_app\listings\models.py changed, reloading.
Watching for file changes with StatReloader
C:\Users\SICKBOY\ceejay\alx-backend-pro\alx_travel_app_0x03\alx_travel_app\listings\models.py changed, reloading.
Watching for file changes with StatReloader
C:\Users\SICKBOY\ceejay\alx-backend-pro\alx_travel_app_0x03\alx_travel_app\listings\models.py changed, reloading.
Watching for file changes with StatReloader
C:\Users\SICKBOY\ceejay\alx-backend-pro\alx_travel_app_0x03\alx_travel_app\listings\models.py changed, reloading.
Watching for file changes with StatReloader
C:\Users\SICKBOY\ceejay\alx-backend-pro\alx_travel_app_0x03\alx_travel_app\listings\serializers.py changed, reloading.
Watching for file changes with StatReloader
C:\Users\SICKBOY\ceejay\alx-backend-pro\alx_travel_app_0x03\alx_travel_app\listings\serializers.py changed, reloading.
Watching for file changes with StatReloader
C:\Users\SICKBOY\ceejay\alx-backend-pro\alx_travel_app_0x03\alx_travel_app\listings\serializers.py changed, reloading.
Watching for file changes with StatReloader
C:\Users\SICKBOY\ceejay\alx-backend-pro\alx_travel_app_0x03\alx_travel_app\listings\serializers.py changed, reloading.
Watching for file changes with StatReloader
C:\Users\SICKBOY\ceejay\alx-backend-pro\alx_travel_app_0x03\alx_travel_app\listings\views.py changed, reloading.
Watching for file changes with StatReloader
C:\Users\SICKBOY\ceejay\alx-backend-pro\alx_travel_app_0x03\alx_travel_app\listings\views.py changed, reloading.
Watching for file changes with StatReloader
C:\Users\SICKBOY\ceejay\alx-backend-pro\alx_travel_app_0x03\alx_travel_app\listings\tasks.py changed, reloading.
Watching for file changes with StatReloader
C:\Users\SICKBOY\ceejay\alx-backend-pro\alx_travel_app_0x03\alx_travel_app\listings\services.py changed, reloading.
Watching for file changes with StatReloader
